   ▲ Next.js 15.5.15
   - Environments: .env

   Creating an optimized production build ...
 ✓ (serwist) Bundling the service worker script with the URL '/sw.js' and the scope '/'...
 ✓ Compiled successfully in 1494ms
   Linting and checking validity of types ...

./src/hooks/use-toast.ts
21:1  Warning: Unused eslint-disable directive (no problems were reported from '@typescript-eslint/no-unused-vars').

info  - Need to disable some ESLint rules? Learn more here: https://nextjs.org/docs/app/api-reference/config/eslint#disabling-rules
Failed to compile.

./examples/websocket/frontend.tsx:4:20
Type error: Cannot find module 'socket.io-client' or its corresponding type declarations.

[0m [90m 2 |[39m
 [90m 3 |[39m [36mimport[39m { useEffect[33m,[39m useState } [36mfrom[39m [32m'react'[39m[33m;[39m
[31m[1m>[22m[39m[90m 4 |[39m [36mimport[39m { io } [36mfrom[39m [32m'socket.io-client'[39m[33m;[39m
 [90m   |[39m                    [31m[1m^[22m[39m
 [90m 5 |[39m [36mimport[39m { [33mButton[39m } [36mfrom[39m [32m'@/components/ui/button'[39m[33m;[39m
 [90m 6 |[39m [36mimport[39m { [33mInput[39m } [36mfrom[39m [32m'@/components/ui/input'[39m[33m;[39m
 [90m 7 |[39m [36mimport[39m { [33mCard[39m[33m,[39m [33mCardContent[39m[33m,[39m [33mCardHeader[39m[33m,[39m [33mCardTitle[39m } [36mfrom[39m [32m'@/components/ui/card'[39m[33m;[39m[0m
Next.js build worker exited with code: 1 and signal: null
